<?xml version="1.0" encoding="UTF-8"?>
<!-- Generated by org.testng.reporters.JUnitXMLReporter -->
<testsuite ignored="0" hostname="LAPTOP-2PCDKALS" failures="0" tests="3" name="Default test" time="20.887" errors="0" timestamp="2025-07-10T23:07:37 IST">
  <testcase classname="TestNG.TestNg8" name="enterData" time="6.239"/>
  <testcase classname="TestNG.TestNg8" name="enterData" time="6.252"/>
  <testcase classname="TestNG.TestNg8" name="enterData" time="6.248"/>
</testsuite> <!-- Default test -->
