<?xml version="1.0" encoding="UTF-8"?>
<!-- Generated by org.testng.reporters.JUnitXMLReporter -->
<testsuite ignored="2" hostname="LAPTOP-2PCDKALS" failures="1" tests="27" name="Test" time="21.211" errors="0" timestamp="2025-07-10T23:08:48 IST">
  <testcase classname="TestNG.TestNg1" name="A1" time="0.005"/>
  <testcase classname="TestNG.TestNg1" name="a1" time="0.001"/>
  <testcase classname="TestNG.TestNg1" name="a2" time="0.001"/>
  <testcase classname="TestNG.TestNg2" name="a3" time="0.001"/>
  <testcase classname="TestNG.TestNg2" name="ab" time="0.001"/>
  <testcase classname="TestNG.TestNg2" name="z" time="0.001"/>
  <testcase classname="TestNG.TestNg3" name="a1" time="0.001"/>
  <testcase classname="TestNG.TestNg3" name="a3" time="0.001"/>
  <testcase classname="TestNG.TestNg3" name="a4" time="0.001"/>
  <testcase classname="TestNG.TestNg3" name="a2" time="0.001"/>
  <testcase classname="TestNG.TestNg8" name="enterData" time="6.26"/>
  <testcase classname="TestNG.TestNg8" name="enterData" time="6.208"/>
  <testcase classname="TestNG.TestNg8" name="enterData" time="6.284"/>
  <testcase classname="TestNG.TestNg4" name="c" time="0.0"/>
  <testcase classname="TestNG.TestNg4" name="d" time="0.0"/>
  <testcase classname="TestNG.TestNg4" name="d" time="0.0"/>
  <testcase classname="TestNG.TestNg4" name="f" time="0.0">
    <skipped/>
  </testcase> <!-- f -->
  <testcase classname="TestNG.TestNg5" name="a" time="0.0"/>
  <testcase classname="TestNG.TestNg5" name="c" time="0.0"/>
  <testcase classname="TestNG.TestNg6" name="a" time="0.01">
    <failure type="java.lang.AssertionError" message="expected [true] but found [false]">
      <![CDATA[java.lang.AssertionError: expected [true] but found [false]
at TestNG.TestNg6.a(TestNg6.java:16)
at java.base/java.util.ArrayList.forEach(ArrayList.java:1511)
... Removed 31 stack frames]]>
    </failure>
  </testcase> <!-- a -->
  <testcase classname="TestNG.TestNg6" name="z" time="0.001"/>
  <testcase classname="TestNG.TestNg6" name="b" time="0.0">
    <skipped/>
  </testcase> <!-- b -->
  <testcase classname="TestNG.TestNg7" name="a" time="0.001"/>
  <testcase classname="TestNG.TestNg7" name="b" time="0.001"/>
  <testcase classname="TestNG.TestNg7" name="c" time="0.001"/>
  <testcase classname="TestNG.TestNg7" name="d" time="0.001"/>
  <testcase classname="TestNG.TestNg7" name="e" time="0.0"/>
  <testcase classname="TestNG.TestNg5" name="b" time="0.0">
    <ignored/>
  </testcase> <!-- b -->
  <testcase classname="TestNG.TestNg4" name="b" time="0.0">
    <ignored/>
  </testcase> <!-- b -->
</testsuite> <!-- Test -->
